<?xml version="1.0" encoding="UTF-8"?>
<robot generator="Robot 7.0 (Python 3.12.3 on linux)" generated="2025-07-03T12:24:28.591579" rpa="false" schemaversion="5">
<suite id="s1" name="Sessões" source="/home/izadora/Área de trabalho/challengefinal/robot/testes/sessões/sessões.robot">
<test id="s1-t1" name="Visualizar detalhes de uma sessão na interface" line="8">
<kw name="Start Session" owner="base" type="SETUP">
<kw name="New Browser" owner="Browser">
<msg time="2025-07-03T12:24:30.091417" level="INFO">{"browser": "chromium", "headless": false, "chromiumSandbox": false, "devtools": false, "handleSIGHUP": true, "handleSIGINT": true, "handleSIGTERM": true, "slowMo": 0.0, "timeout": 30000.0, "tracesDir": "/home/izadora/\u00c1rea de trabalho/challengefinal/robot/logs/browser/traces/6521d143-cb08-43fe-af0d-50c4211871de"}</msg>
<msg time="2025-07-03T12:24:30.779081" level="INFO">Successfully created browser with options: {"browser":"chromium","headless":false,"chromiumSandbox":false,"devtools":false,"handleSIGHUP":true,"handleSIGINT":true,"handleSIGTERM":true,"slowMo":0,"timeout":30000,"tracesDir":"/home/izadora/Área de trabalho/challengefinal/robot/logs/browser/traces/6521d143-cb08-43fe-af0d-50c4211871de"}</msg>
<arg>browser=chromium</arg>
<arg>headless=False</arg>
<tag>BrowserControl</tag>
<tag>Setter</tag>
<doc>Create a new playwright Browser with specified options.</doc>
<status status="PASS" start="2025-07-03T12:24:30.089670" elapsed="0.690369"/>
</kw>
<status status="PASS" start="2025-07-03T12:24:30.086918" elapsed="0.693907"/>
</kw>
<kw name="Abrir página de login" owner="LoginPage">
<kw name="New Page" owner="Browser">
<msg time="2025-07-03T12:24:33.019080" level="INFO">Successfully initialized new page object and opened url: http://localhost:3002/login</msg>
<msg time="2025-07-03T12:24:33.019227" level="INFO">No context was open. New context was automatically opened when this page is created.</msg>
<arg>${BASE_URL}/login</arg>
<tag>BrowserControl</tag>
<tag>Setter</tag>
<doc>Open a new Page.</doc>
<status status="PASS" start="2025-07-03T12:24:30.784831" elapsed="2.235889"/>
</kw>
<kw name="Wait For Elements State" owner="Browser">
<msg time="2025-07-03T12:24:33.480124" level="INFO">Waited for Element with selector css=h1:has-text("Login") at state visible</msg>
<arg>css=h1:has-text("Login")</arg>
<arg>visible</arg>
<arg>5</arg>
<tag>PageContent</tag>
<tag>Wait</tag>
<doc>Waits for the element found by ``selector`` to satisfy state option.</doc>
<status status="PASS" start="2025-07-03T12:24:33.021352" elapsed="0.459188"/>
</kw>
<status status="PASS" start="2025-07-03T12:24:30.782034" elapsed="2.698808"/>
</kw>
<kw name="Preencher login" owner="LoginPage">
<kw name="Fill Text" owner="Browser">
<msg time="2025-07-03T12:24:33.485160" level="INFO">Fills the text 'user@example.com' in the given field.</msg>
<arg>css=#email</arg>
<arg>${email}</arg>
<tag>PageContent</tag>
<tag>Setter</tag>
<doc>Clears and fills the given ``txt`` into the text field found by ``selector``.</doc>
<status status="PASS" start="2025-07-03T12:24:33.482993" elapsed="0.137755"/>
</kw>
<kw name="Fill Text" owner="Browser">
<msg time="2025-07-03T12:24:33.622508" level="INFO">Fills the text 'password123' in the given field.</msg>
<arg>css=#password</arg>
<arg>${senha}</arg>
<tag>PageContent</tag>
<tag>Setter</tag>
<doc>Clears and fills the given ``txt`` into the text field found by ``selector``.</doc>
<status status="PASS" start="2025-07-03T12:24:33.621325" elapsed="0.079172"/>
</kw>
<arg>${LOGIN_USER_EMAIL}</arg>
<arg>${LOGIN_SENHA_USER}</arg>
<status status="PASS" start="2025-07-03T12:24:33.482006" elapsed="0.218851"/>
</kw>
<kw name="Enviar login" owner="LoginPage">
<kw name="Click" owner="Browser">
<msg time="2025-07-03T12:24:33.704722" level="INFO">Clicks the element 'css=form button[type="submit"]'.</msg>
<arg>css=form button[type="submit"]</arg>
<tag>PageContent</tag>
<tag>Setter</tag>
<doc>Simulates mouse click on the element found by ``selector``.</doc>
<status status="PASS" start="2025-07-03T12:24:33.703484" elapsed="0.218422"/>
</kw>
<status status="PASS" start="2025-07-03T12:24:33.702656" elapsed="0.219577"/>
</kw>
<kw name="Verificar login com sucesso" owner="LoginPage">
<kw name="Wait For Elements State" owner="Browser">
<msg time="2025-07-03T12:24:35.394315" level="INFO">Waited for Element with selector css=h1:has-text("Welcome to Cinema App") at state visible</msg>
<arg>css=h1:has-text("Welcome to Cinema App")</arg>
<arg>visible</arg>
<arg>5</arg>
<tag>PageContent</tag>
<tag>Wait</tag>
<doc>Waits for the element found by ``selector`` to satisfy state option.</doc>
<status status="PASS" start="2025-07-03T12:24:33.924484" elapsed="1.470239"/>
</kw>
<status status="PASS" start="2025-07-03T12:24:33.923720" elapsed="1.471294"/>
</kw>
<kw name="Acessar detalhes de um filme em cartaz" owner="homePage">
<kw name="Wait For Elements State" owner="Browser">
<msg time="2025-07-03T12:24:35.497848" level="INFO">Waited for Element with selector css=.featured-movies at state visible</msg>
<arg>css=.featured-movies</arg>
<arg>visible</arg>
<arg>10</arg>
<tag>PageContent</tag>
<tag>Wait</tag>
<doc>Waits for the element found by ``selector`` to satisfy state option.</doc>
<status status="PASS" start="2025-07-03T12:24:35.398058" elapsed="0.100160"/>
</kw>
<kw name="Click" owner="Browser">
<msg time="2025-07-03T12:24:35.504568" level="INFO">Clicks the element 'css=.movie-card a[href="/movies/686412a30b46c0776345ea06"]'.</msg>
<arg>css=.movie-card a[href="/movies/686412a30b46c0776345ea06"]</arg>
<tag>PageContent</tag>
<tag>Setter</tag>
<doc>Simulates mouse click on the element found by ``selector``.</doc>
<status status="PASS" start="2025-07-03T12:24:35.500510" elapsed="0.435803"/>
</kw>
<status status="PASS" start="2025-07-03T12:24:35.397051" elapsed="0.539626"/>
</kw>
<kw name="Verificar sessões disponíveis" owner="SessionPage">
<kw name="Wait For Elements State" owner="Browser">
<msg time="2025-07-03T12:24:36.351851" level="INFO">Waited for Element with selector xpath=//h2[text()="Sessões Disponíveis"] at state visible</msg>
<arg>xpath=//h2[text()="Sessões Disponíveis"]</arg>
<arg>visible</arg>
<arg>5</arg>
<tag>PageContent</tag>
<tag>Wait</tag>
<doc>Waits for the element found by ``selector`` to satisfy state option.</doc>
<status status="PASS" start="2025-07-03T12:24:35.946381" elapsed="0.405767"/>
</kw>
<kw name="Get Text" owner="Browser">
<msg time="2025-07-03T12:24:36.573238" level="INFO">Text: 'Sessões Disponíveis'</msg>
<arg>xpath=//h2[text()="Sessões Disponíveis"]</arg>
<arg>equal</arg>
<arg>Sessões Disponíveis</arg>
<tag>Assertion</tag>
<tag>Getter</tag>
<tag>PageContent</tag>
<doc>Returns text attribute of the element found by ``selector``.</doc>
<status status="PASS" start="2025-07-03T12:24:36.352614" elapsed="0.220924"/>
</kw>
<kw name="Wait For Elements State" owner="Browser">
<msg time="2025-07-03T12:24:37.293652" level="INFO">Waited for Element with selector css=[class="sessions-list"] at state visible</msg>
<arg>css=[class="sessions-list"]</arg>
<arg>visible</arg>
<arg>5</arg>
<tag>PageContent</tag>
<tag>Wait</tag>
<doc>Waits for the element found by ``selector`` to satisfy state option.</doc>
<status status="PASS" start="2025-07-03T12:24:36.578216" elapsed="0.715804"/>
</kw>
<kw name="Should Not Be Empty" owner="BuiltIn">
<msg time="2025-07-03T12:24:37.294977" level="INFO">Length is 27.</msg>
<arg>css=[class="sessions-list"]</arg>
<doc>Verifies that the given item is not empty.</doc>
<status status="PASS" start="2025-07-03T12:24:37.294608" elapsed="0.003566"/>
</kw>
<kw name="Get Element Count" owner="Browser">
<msg time="2025-07-03T12:24:37.374192" level="INFO">${session_count} = 2</msg>
<var>${session_count}</var>
<arg>css=[class="session-date-group"]</arg>
<tag>Assertion</tag>
<tag>Getter</tag>
<tag>PageContent</tag>
<doc>Returns the count of elements found with ``selector``.</doc>
<status status="PASS" start="2025-07-03T12:24:37.298797" elapsed="0.075500"/>
</kw>
<kw name="Should Be True" owner="BuiltIn">
<arg>${session_count} &gt;= 1</arg>
<arg>msg=Deve ter pelo menos 1 sessão</arg>
<doc>Fails if the given condition is not true.</doc>
<status status="PASS" start="2025-07-03T12:24:37.374862" elapsed="0.000790"/>
</kw>
<kw name="Log" owner="BuiltIn">
<msg time="2025-07-03T12:24:37.376551" level="INFO">Encontradas 2 sessões disponíveis</msg>
<arg>Encontradas ${session_count} sessões disponíveis</arg>
<doc>Logs the given message with the given level.</doc>
<status status="PASS" start="2025-07-03T12:24:37.376189" elapsed="0.000480"/>
</kw>
<kw name="Get Element Count" owner="Browser">
<msg time="2025-07-03T12:24:37.416214" level="INFO">${session_time_count} = 10</msg>
<var>${session_time_count}</var>
<arg>css=[class="session-time"]</arg>
<tag>Assertion</tag>
<tag>Getter</tag>
<tag>PageContent</tag>
<doc>Returns the count of elements found with ``selector``.</doc>
<status status="PASS" start="2025-07-03T12:24:37.377033" elapsed="0.039280"/>
</kw>
<kw name="Should Be True" owner="BuiltIn">
<arg>${session_time_count} &gt;= 1</arg>
<arg>msg=Deve ter pelo menos 1 horário das sessões</arg>
<doc>Fails if the given condition is not true.</doc>
<status status="PASS" start="2025-07-03T12:24:37.420789" elapsed="0.000962"/>
</kw>
<kw name="Log" owner="BuiltIn">
<msg time="2025-07-03T12:24:37.424395" level="INFO">Encontradas 10 horários de sessões disponíveis</msg>
<arg>Encontradas ${session_time_count} horários de sessões disponíveis</arg>
<doc>Logs the given message with the given level.</doc>
<status status="PASS" start="2025-07-03T12:24:37.423893" elapsed="0.001778"/>
</kw>
<kw name="Get Element Count" owner="Browser">
<msg time="2025-07-03T12:24:37.466063" level="INFO">${session_theater_count} = 10</msg>
<var>${session_theater_count}</var>
<arg>css=[class="session-theater"]</arg>
<tag>Assertion</tag>
<tag>Getter</tag>
<tag>PageContent</tag>
<doc>Returns the count of elements found with ``selector``.</doc>
<status status="PASS" start="2025-07-03T12:24:37.426172" elapsed="0.039987"/>
</kw>
<kw name="Should Be True" owner="BuiltIn">
<arg>${session_theater_count} &gt;= 1</arg>
<arg>msg=Deve ter pelo menos 1 theater</arg>
<doc>Fails if the given condition is not true.</doc>
<status status="PASS" start="2025-07-03T12:24:37.466668" elapsed="0.002506"/>
</kw>
<kw name="Log" owner="BuiltIn">
<msg time="2025-07-03T12:24:37.470019" level="INFO">Encontradas 10 theaters disponíveis</msg>
<arg>Encontradas ${session_theater_count} theaters disponíveis</arg>
<doc>Logs the given message with the given level.</doc>
<status status="PASS" start="2025-07-03T12:24:37.469656" elapsed="0.000478"/>
</kw>
<kw name="Get Element Count" owner="Browser">
<msg time="2025-07-03T12:24:37.486910" level="INFO">${session_price_count} = 10</msg>
<var>${session_price_count}</var>
<arg>css=[class="session-price"]</arg>
<tag>Assertion</tag>
<tag>Getter</tag>
<tag>PageContent</tag>
<doc>Returns the count of elements found with ``selector``.</doc>
<status status="PASS" start="2025-07-03T12:24:37.470510" elapsed="0.016497"/>
</kw>
<kw name="Should Be True" owner="BuiltIn">
<arg>${session_price_count} &gt;= 1</arg>
<arg>msg=Deve ter pelo menos 1 price das sessões</arg>
<doc>Fails if the given condition is not true.</doc>
<status status="PASS" start="2025-07-03T12:24:37.487522" elapsed="0.000735"/>
</kw>
<kw name="Log" owner="BuiltIn">
<msg time="2025-07-03T12:24:37.490108" level="INFO">Encontradas 10 prices de sessões disponíveis</msg>
<arg>Encontradas ${session_price_count} prices de sessões disponíveis</arg>
<doc>Logs the given message with the given level.</doc>
<status status="PASS" start="2025-07-03T12:24:37.489634" elapsed="0.000598"/>
</kw>
<status status="PASS" start="2025-07-03T12:24:35.943143" elapsed="1.547314"/>
</kw>
<tag>sessões disponiveis</tag>
<status status="PASS" start="2025-07-03T12:24:30.080146" elapsed="7.412719"/>
</test>
<doc>Cenários de visualizar sessões dentro do módulo de sessões</doc>
<status status="PASS" start="2025-07-03T12:24:28.593279" elapsed="9.313889"/>
</suite>
<statistics>
<total>
<stat pass="1" fail="0" skip="0">All Tests</stat>
</total>
<tag>
<stat pass="1" fail="0" skip="0">sessões disponiveis</stat>
</tag>
<suite>
<stat pass="1" fail="0" skip="0" id="s1" name="Sessões">Sessões</stat>
</suite>
</statistics>
<errors>
<msg time="2025-07-03T12:24:29.351873" level="ERROR">Error in file '/home/izadora/Área de trabalho/challengefinal/robot/resources/pages/SessionPage.resource' on line 4: Resource file '../selectors.resource' does not exist.</msg>
<msg time="2025-07-03T12:24:29.355055" level="ERROR">Error in file '/home/izadora/Área de trabalho/challengefinal/robot/resources/pages/homePage.resource' on line 6: Setting 'Suite Setup' is not allowed in resource file.</msg>
</errors>
</robot>
